2025-07-10 16:46:00 | DEBUG | repo=arquillian-phantom-binary | action=commit
2025-07-03 12:27:00 | DEBUG | repo=arquillian-phantom-binary | action=commit
2025-06-23 14:25:00 | DEBUG | repo=arquillian-phantom-binary | action=commit
2025-07-04 20:35:00 | INFO | repo=arquillian-phantom-binary | action=edit | files=2
2025-06-01 16:15:00 | WARN | repo=arquillian-phantom-binary | action=commit
2025-03-06 19:42:00 | INFO | repo=arquillian-phantom-binary | action=commit
2025-08-01 09:44:00 | WARN | repo=arquillian-phantom-binary | action=commit
2025-09-15 18:24:00 | DEBUG | repo=arquillian-phantom-binary | action=commit
2025-12-06 20:55:00 | INFO | repo=arquillian-phantom-binary | action=commit
2025-07-20 08:53:00 | INFO | repo=arquillian-phantom-binary | action=commit
2025-02-22 08:11:00 | INFO | repo=arquillian-phantom-binary | action=commit
2025-11-20 10:52:00 | WARN | repo=arquillian-phantom-binary | action=commit
2025-07-23 07:27:00 | INFO | repo=arquillian-phantom-binary | action=commit
2025-11-12 10:39:00 | INFO | repo=arquillian-phantom-binary | action=commit
2025-10-08 20:49:00 | INFO | repo=arquillian-phantom-binary | action=commit
2025-07-09 09:19:00 | WARN | repo=arquillian-phantom-binary | action=edit | files=2
2025-01-26 10:07:00 | DEBUG | repo=arquillian-phantom-binary | action=commit
2025-05-15 20:34:00 | INFO | repo=arquillian-phantom-binary | action=edit | files=2
2025-07-04 16:15:00 | DEBUG | repo=arquillian-phantom-binary | action=commit
2025-09-18 07:25:00 | WARN | repo=arquillian-phantom-binary | action=commit
2025-02-10 08:11:00 | WARN | repo=arquillian-phantom-binary | action=edit | files=5
2025-12-25 21:28:00 | DEBUG | repo=arquillian-phantom-binary | action=commit
2025-05-02 12:20:00 | DEBUG | repo=arquillian-phantom-binary | action=commit
2025-01-15 07:41:00 | DEBUG | repo=arquillian-phantom-binary | action=commit
2025-12-11 19:02:00 | DEBUG | repo=arquillian-phantom-binary | action=commit
2025-07-15 16:11:00 | DEBUG | repo=arquillian-phantom-binary | action=commit
